<?xml version="1.0" encoding="UTF-8"?>
<!-- Generated by org.testng.reporters.JUnitXMLReporter -->
<testsuite hostname="DESKTOP-9D0UF9G" ignored="1" name="Income" tests="2" failures="2" timestamp="2020-07-26T21:24:28 IST" time="5.944" errors="0">
  <testcase name="Expenses" time="0.665" classname="com.finance.FinancialManager">
    <failure type="org.openqa.selenium.NoSuchElementException" message="An element could not be located on the page using the given search parameters.
For documentation on this error, please visit: https://www.seleniumhq.org/exceptions/no_such_element.html
Build info: version: &amp;apos;3.141.59&amp;apos;, revision: &amp;apos;e82be7d358&amp;apos;, time: &amp;apos;2018-11-14T08:17:03&amp;apos;
System info: host: &amp;apos;DESKTOP-9D0UF9G&amp;apos;, ip: &amp;apos;192.168.1.12&amp;apos;, os.name: &amp;apos;Windows 10&amp;apos;, os.arch: &amp;apos;amd64&amp;apos;, os.version: &amp;apos;10.0&amp;apos;, java.version: &amp;apos;1.8.0_191&amp;apos;
Driver info: io.appium.java_client.android.AndroidDriver
Capabilities {appActivity: com.myapp.finance.Database, appPackage: com.myapp.finance, automationName: UIautomator1, databaseEnabled: false, desired: {appActivity: com.myapp.finance.Database, appPackage: com.myapp.finance, automationName: UIautomator1, deviceName: vivo 1951, platformName: android, platformVersion: 10, udId: f0d81e23}, deviceManufacturer: vivo, deviceModel: vivo 1951, deviceName: f0d81e23, deviceScreenSize: 1080x2340, deviceUDID: f0d81e23, javascriptEnabled: true, locationContextEnabled: false, networkConnectionEnabled: true, platform: LINUX, platformName: Android, platformVersion: 10, takesScreenshot: true, udId: f0d81e23, warnings: {}, webStorageEnabled: false}
Session ID: b98c29bd-a60d-45cb-876f-81af3c6986b1
*** Element info: {Using=id, value=com.myapp.finance:id/add}">
      <![CDATA[org.openqa.selenium.NoSuchElementException: An element could not be located on the page using the given search parameters.
For documentation on this error, please visit: https://www.seleniumhq.org/exceptions/no_such_element.html
Build info: version: '3.141.59', revision: 'e82be7d358', time: '2018-11-14T08:17:03'
System info: host: 'DESKTOP-9D0UF9G', ip: '192.168.1.12', os.name: 'Windows 10', os.arch: 'amd64', os.version: '10.0', java.version: '1.8.0_191'
Driver info: io.appium.java_client.android.AndroidDriver
Capabilities {appActivity: com.myapp.finance.Database, appPackage: com.myapp.finance, automationName: UIautomator1, databaseEnabled: false, desired: {appActivity: com.myapp.finance.Database, appPackage: com.myapp.finance, automationName: UIautomator1, deviceName: vivo 1951, platformName: android, platformVersion: 10, udId: f0d81e23}, deviceManufacturer: vivo, deviceModel: vivo 1951, deviceName: f0d81e23, deviceScreenSize: 1080x2340, deviceUDID: f0d81e23, javascriptEnabled: true, locationContextEnabled: false, networkConnectionEnabled: true, platform: LINUX, platformName: Android, platformVersion: 10, takesScreenshot: true, udId: f0d81e23, warnings: {}, webStorageEnabled: false}
Session ID: b98c29bd-a60d-45cb-876f-81af3c6986b1
*** Element info: {Using=id, value=com.myapp.finance:id/add}
at org.openqa.selenium.remote.http.W3CHttpResponseCodec.createException(W3CHttpResponseCodec.java:187)
at org.openqa.selenium.remote.http.W3CHttpResponseCodec.decode(W3CHttpResponseCodec.java:122)
at org.openqa.selenium.remote.http.W3CHttpResponseCodec.decode(W3CHttpResponseCodec.java:49)
at org.openqa.selenium.remote.HttpCommandExecutor.execute(HttpCommandExecutor.java:158)
at io.appium.java_client.remote.AppiumCommandExecutor.execute(AppiumCommandExecutor.java:239)
at org.openqa.selenium.remote.RemoteWebDriver.execute(RemoteWebDriver.java:552)
at io.appium.java_client.DefaultGenericMobileDriver.execute(DefaultGenericMobileDriver.java:41)
at io.appium.java_client.AppiumDriver.execute(AppiumDriver.java:1)
at io.appium.java_client.android.AndroidDriver.execute(AndroidDriver.java:1)
at org.openqa.selenium.remote.RemoteWebDriver.findElement(RemoteWebDriver.java:323)
at io.appium.java_client.DefaultGenericMobileDriver.findElement(DefaultGenericMobileDriver.java:61)
at io.appium.java_client.AppiumDriver.findElement(AppiumDriver.java:1)
at io.appium.java_client.android.AndroidDriver.findElement(AndroidDriver.java:1)
at org.openqa.selenium.remote.RemoteWebDriver.findElementById(RemoteWebDriver.java:372)
at io.appium.java_client.DefaultGenericMobileDriver.findElementById(DefaultGenericMobileDriver.java:69)
at io.appium.java_client.AppiumDriver.findElementById(AppiumDriver.java:1)
at io.appium.java_client.android.AndroidDriver.findElementById(AndroidDriver.java:1)
at org.openqa.selenium.By$ById.findElement(By.java:188)
at org.openqa.selenium.remote.RemoteWebDriver.findElement(RemoteWebDriver.java:315)
at io.appium.java_client.DefaultGenericMobileDriver.findElement(DefaultGenericMobileDriver.java:57)
at io.appium.java_client.AppiumDriver.findElement(AppiumDriver.java:1)
at io.appium.java_client.android.AndroidDriver.findElement(AndroidDriver.java:1)
at com.elementDetails.DatabaseElements.addRow(DatabaseElements.java:23)
at com.operations.AllOperations.add_row(AllOperations.java:33)
at com.finance.FinancialManager.Expenses(FinancialManager.java:33)
at java.util.ArrayList.forEach(ArrayList.java:1257)
... Removed 31 stack frames]]>
    </failure>
  </testcase> <!-- Expenses -->
  <testcase name="login" time="0.0" classname="com.finance.FinancialManager">
    <failure type="org.testng.TestNGException" message="
Parameter &amp;apos;Username&amp;apos; is required by @Test on method login but has not been marked @Optional or defined
in C:\Users\91960\eclipse-workspace\com.FinancialMaganer\dataProvider.xml">
      <![CDATA[org.testng.TestNGException: 
Parameter 'Username' is required by @Test on method login but has not been marked @Optional or defined
in C:\Users\91960\eclipse-workspace\com.FinancialMaganer\dataProvider.xml
at java.util.ArrayList.forEach(ArrayList.java:1257)
... Removed 26 stack frames]]>
    </failure>
  </testcase> <!-- login -->
  <testcase name="register" time="0.0" classname="com.finance.FinancialManager">
    <ignored/>
  </testcase> <!-- register -->
</testsuite> <!-- Income -->
